<?xml version="1.0" encoding="utf-8"?>
<?AutomationStudio Version=3.0?>
<Transfer xmlns="http://br-automation.co.at/AS/Transfer">
  <OperatingSystem Version="D4.05"/>
  <Hardware Target="SG4"/>
  <Operation Delete="IHM.br"/>
  <Operation Delete="SerialCode.br"/>
  <Operation Delete="Conveyor.br"/>
  <Operation Delete="Printer.br"/>
  <Operation Delete="Camera1.br"/>
  <Operation Delete="Accumulato.br"/>
  <Operation Delete="Entry.br"/>
  <Operation Delete="Reject.br"/>
  <Operation Delete="Visu.br"/>
  <Operation Delete="vctcal.br"/>
  <Operation Delete="vcrt.br"/>
  <Operation Delete="vcpkat.br"/>
  <Operation Delete="vcpfar00.br"/>
  <Operation Delete="vcpdvnc.br"/>
  <Operation Delete="vcpdsw.br"/>
  <Operation Delete="vcmgr.br"/>
  <Operation Delete="vcfntttf.br"/>
  <Operation Delete="vcfile.br"/>
  <Operation Delete="vcdsloc.br"/>
  <Operation Delete="vcdsint.br"/>
  <Operation Delete="vcctrend.br"/>
  <Operation Delete="vcctext.br"/>
  <Operation Delete="vccstr.br"/>
  <Operation Delete="vccslider.br"/>
  <Operation Delete="vccshape.br"/>
  <Operation Delete="vccovl.br"/>
  <Operation Delete="vccnum.br"/>
  <Operation Delete="vccline.br"/>
  <Operation Delete="vcchtml.br"/>
  <Operation Delete="vccbtn.br"/>
  <Operation Delete="vccbmp.br"/>
  <Operation Delete="vccbar.br"/>
  <Operation Delete="vccalarm.br"/>
  <Operation Delete="vcbclass.br"/>
  <Operation Delete="vcalarm.br"/>
  <Operation Delete="sys_lib.br"/>
  <Operation Delete="AsIecCon.br"/>
  <Operation Delete="AsHttp.br"/>
  <Operation Delete="vcshared.br"/>
  <Operation Delete="arialbd.br"/>
  <Operation Delete="arial.br"/>
  <Operation Delete="tahomabd.br"/>
  <Operation Delete="Visu03.br"/>
  <Operation Delete="Visu02.br"/>
  <Operation Delete="Visu01.br"/>
  <Operation Delete="vcnet.br"/>
  <Operation Delete="vcxml.br"/>
  <Operation Delete="vccurl.br"/>
  <Operation Delete="vcgclass.br"/>
  <Operation Delete="FileIO.br"/>
  <Operation Delete="dataobj.br"/>
  <Operation Delete="astime.br"/>
  <Operation Download="asfw.br" Memory="SystemROM"/>
  <Operation Download="ashwd.br" Memory="SystemROM"/>
  <Operation Download="arconfig.br" Memory="SystemROM"/>
  <Operation Download="sysconf.br" Memory="SystemROM"/>
  <Operation Restart="warm"/>
  <Operation Download="iomap.br" Memory="UserROM"/>
  <Operation Download="standard.br" Memory="UserROM"/>
  <Operation Download="runtime.br" Memory="UserROM"/>
  <Operation Download="vcresman.br" Memory="UserROM"/>
  <Operation Download="astime.br" Memory="UserROM"/>
  <Operation Download="dataobj.br" Memory="UserROM"/>
  <Operation Download="FileIO.br" Memory="UserROM"/>
  <Operation Download="vcgclass.br" Memory="UserROM"/>
  <Operation Download="vccurl.br" Memory="UserROM"/>
  <Operation Download="vcxml.br" Memory="UserROM"/>
  <Operation Download="vcnet.br" Memory="UserROM"/>
  <Operation Download="Visu01.br" Memory="UserROM"/>
  <Operation Download="Visu02.br" Memory="UserROM"/>
  <Operation Download="Visu03.br" Memory="UserROM"/>
  <Operation Download="tahomabd.br" Memory="UserROM"/>
  <Operation Download="arial.br" Memory="UserROM"/>
  <Operation Download="arialbd.br" Memory="UserROM"/>
  <Operation Download="vcshared.br" Memory="UserROM"/>
  <Operation Download="AsHttp.br" Memory="UserROM"/>
  <Operation Download="AsIecCon.br" Memory="UserROM"/>
  <Operation Download="sys_lib.br" Memory="UserROM"/>
  <Operation Download="vcalarm.br" Memory="UserROM"/>
  <Operation Download="vcbclass.br" Memory="UserROM"/>
  <Operation Download="vccalarm.br" Memory="UserROM"/>
  <Operation Download="vccbar.br" Memory="UserROM"/>
  <Operation Download="vccbmp.br" Memory="UserROM"/>
  <Operation Download="vccbtn.br" Memory="UserROM"/>
  <Operation Download="vcchtml.br" Memory="UserROM"/>
  <Operation Download="vccline.br" Memory="UserROM"/>
  <Operation Download="vccnum.br" Memory="UserROM"/>
  <Operation Download="vccovl.br" Memory="UserROM"/>
  <Operation Download="vccshape.br" Memory="UserROM"/>
  <Operation Download="vccslider.br" Memory="UserROM"/>
  <Operation Download="vccstr.br" Memory="UserROM"/>
  <Operation Download="vcctext.br" Memory="UserROM"/>
  <Operation Download="vcctrend.br" Memory="UserROM"/>
  <Operation Download="vcdsint.br" Memory="UserROM"/>
  <Operation Download="vcdsloc.br" Memory="UserROM"/>
  <Operation Download="vcfile.br" Memory="UserROM"/>
  <Operation Download="vcfntttf.br" Memory="UserROM"/>
  <Operation Download="vcmgr.br" Memory="UserROM"/>
  <Operation Download="vcpdsw.br" Memory="UserROM"/>
  <Operation Download="vcpdvnc.br" Memory="UserROM"/>
  <Operation Download="vcpfar00.br" Memory="UserROM"/>
  <Operation Download="vcpkat.br" Memory="UserROM"/>
  <Operation Download="vcrt.br" Memory="UserROM"/>
  <Operation Download="vctcal.br" Memory="UserROM"/>
  <Operation Download="Visu.br" Memory="UserROM"/>
  <Operation Download="Reject.br" Memory="UserROM"/>
  <Operation Download="main.br" Memory="UserROM"/>
  <Operation Download="Entry.br" Memory="UserROM"/>
  <Operation Download="CheckRejec.br" Memory="UserROM"/>
  <Operation Download="Accumulato.br" Memory="UserROM"/>
  <Operation Download="Camera1.br" Memory="UserROM"/>
  <Operation Download="Printer.br" Memory="UserROM"/>
  <Operation Download="Conveyor.br" Memory="UserROM"/>
  <Operation Download="SerialCode.br" Memory="UserROM"/>
  <Operation Download="IHM.br" Memory="UserROM"/>
</Transfer>